# Dateien Infobasar
# $Id: ib_install.lst,v 1.3 2004/10/27 22:47:02 hamatoma Exp $
../overwrite/modules.php	../modules.php
../install/license
../install/mk_arch.pl
../install/install.txt
../install/changelog.txt
../install/readme.txt
../install/release-notes.txt
../css/phpwiki.css
../pic/logo.png
../docu/overview.html
../docu/index.html
../docu/module.html
../docu/vergleiche.html
../docu/Infobasar.html
../db_mysql.php
../gui.php
../index.php
../util.php
../forum.php
../classes.php
../admin.php
../db/infobasar_start.sql

