# Dateien Infobasar
# $Id: ib_update.lst,v 1.4 2005/01/10 18:08:03 hamatoma Exp $
../overwrite/modules.php	../modules.php
../db/std_pages.wiki
../db/update_0.6_0.7.sql
../install/license
../install/changelog.txt
../install/readme.txt
../install/release-notes.txt
../install/base_opt.php	../base_opt.php
../install/forum_opt.php	../forum_opt.php
../docu/overview.html
../docu/index.html
../docu/module.html
../docu/vergleiche.html
../docu/Infobasar.html
../db_mysql.php
../gui.php
../base_module.php
../forum_module.php
../util.php
../classes.php
../admin.php
